  Blinn-Phong.cpp
d:\file\opengl\5_1_blinn-phong\blinn-phong\blinn-phong.cpp(131): warning C4244: “初始化”: 从“double”转换到“float”，可能丢失数据
d:\file\opengl\5_1_blinn-phong\blinn-phong\blinn-phong.cpp(219): warning C4244: “=”: 从“double”转换到“float”，可能丢失数据
d:\file\opengl\5_1_blinn-phong\blinn-phong\blinn-phong.cpp(220): warning C4244: “=”: 从“double”转换到“float”，可能丢失数据
d:\file\opengl\5_1_blinn-phong\blinn-phong\blinn-phong.cpp(224): warning C4244: “初始化”: 从“double”转换到“float”，可能丢失数据
d:\file\opengl\5_1_blinn-phong\blinn-phong\blinn-phong.cpp(225): warning C4244: “初始化”: 从“double”转换到“float”，可能丢失数据
d:\file\opengl\5_1_blinn-phong\blinn-phong\blinn-phong.cpp(227): warning C4244: “=”: 从“double”转换到“float”，可能丢失数据
d:\file\opengl\5_1_blinn-phong\blinn-phong\blinn-phong.cpp(228): warning C4244: “=”: 从“double”转换到“float”，可能丢失数据
d:\file\opengl\5_1_blinn-phong\blinn-phong\blinn-phong.cpp(237): warning C4244: “参数”: 从“double”转换到“float”，可能丢失数据
  stb_image.cpp
  正在生成代码...
  glad.c
d:\windows kits\10\include\10.0.17763.0\shared\minwindef.h(130): warning C4005: “APIENTRY”: 宏重定义
  d:\software\opengl\include\glad\glad.h(32): note: 参见“APIENTRY”的前一个定义
glfw3.lib(context.obj) : warning LNK4099: 未找到 PDB“glfw.pdb”(使用“glfw3.lib(context.obj)”或在“D:\File\OpenGL\5_1_Blinn-Phong\Debug\glfw.pdb”中寻找)；正在链接对象，如同没有调试信息一样
glfw3.lib(init.obj) : warning LNK4099: 未找到 PDB“glfw.pdb”(使用“glfw3.lib(init.obj)”或在“D:\File\OpenGL\5_1_Blinn-Phong\Debug\glfw.pdb”中寻找)；正在链接对象，如同没有调试信息一样
glfw3.lib(input.obj) : warning LNK4099: 未找到 PDB“glfw.pdb”(使用“glfw3.lib(input.obj)”或在“D:\File\OpenGL\5_1_Blinn-Phong\Debug\glfw.pdb”中寻找)；正在链接对象，如同没有调试信息一样
glfw3.lib(monitor.obj) : warning LNK4099: 未找到 PDB“glfw.pdb”(使用“glfw3.lib(monitor.obj)”或在“D:\File\OpenGL\5_1_Blinn-Phong\Debug\glfw.pdb”中寻找)；正在链接对象，如同没有调试信息一样
glfw3.lib(vulkan.obj) : warning LNK4099: 未找到 PDB“glfw.pdb”(使用“glfw3.lib(vulkan.obj)”或在“D:\File\OpenGL\5_1_Blinn-Phong\Debug\glfw.pdb”中寻找)；正在链接对象，如同没有调试信息一样
glfw3.lib(window.obj) : warning LNK4099: 未找到 PDB“glfw.pdb”(使用“glfw3.lib(window.obj)”或在“D:\File\OpenGL\5_1_Blinn-Phong\Debug\glfw.pdb”中寻找)；正在链接对象，如同没有调试信息一样
glfw3.lib(win32_init.obj) : warning LNK4099: 未找到 PDB“glfw.pdb”(使用“glfw3.lib(win32_init.obj)”或在“D:\File\OpenGL\5_1_Blinn-Phong\Debug\glfw.pdb”中寻找)；正在链接对象，如同没有调试信息一样
glfw3.lib(win32_joystick.obj) : warning LNK4099: 未找到 PDB“glfw.pdb”(使用“glfw3.lib(win32_joystick.obj)”或在“D:\File\OpenGL\5_1_Blinn-Phong\Debug\glfw.pdb”中寻找)；正在链接对象，如同没有调试信息一样
glfw3.lib(win32_monitor.obj) : warning LNK4099: 未找到 PDB“glfw.pdb”(使用“glfw3.lib(win32_monitor.obj)”或在“D:\File\OpenGL\5_1_Blinn-Phong\Debug\glfw.pdb”中寻找)；正在链接对象，如同没有调试信息一样
glfw3.lib(win32_time.obj) : warning LNK4099: 未找到 PDB“glfw.pdb”(使用“glfw3.lib(win32_time.obj)”或在“D:\File\OpenGL\5_1_Blinn-Phong\Debug\glfw.pdb”中寻找)；正在链接对象，如同没有调试信息一样
glfw3.lib(win32_thread.obj) : warning LNK4099: 未找到 PDB“glfw.pdb”(使用“glfw3.lib(win32_thread.obj)”或在“D:\File\OpenGL\5_1_Blinn-Phong\Debug\glfw.pdb”中寻找)；正在链接对象，如同没有调试信息一样
glfw3.lib(win32_window.obj) : warning LNK4099: 未找到 PDB“glfw.pdb”(使用“glfw3.lib(win32_window.obj)”或在“D:\File\OpenGL\5_1_Blinn-Phong\Debug\glfw.pdb”中寻找)；正在链接对象，如同没有调试信息一样
glfw3.lib(wgl_context.obj) : warning LNK4099: 未找到 PDB“glfw.pdb”(使用“glfw3.lib(wgl_context.obj)”或在“D:\File\OpenGL\5_1_Blinn-Phong\Debug\glfw.pdb”中寻找)；正在链接对象，如同没有调试信息一样
glfw3.lib(egl_context.obj) : warning LNK4099: 未找到 PDB“glfw.pdb”(使用“glfw3.lib(egl_context.obj)”或在“D:\File\OpenGL\5_1_Blinn-Phong\Debug\glfw.pdb”中寻找)；正在链接对象，如同没有调试信息一样
glfw3.lib(osmesa_context.obj) : warning LNK4099: 未找到 PDB“glfw.pdb”(使用“glfw3.lib(osmesa_context.obj)”或在“D:\File\OpenGL\5_1_Blinn-Phong\Debug\glfw.pdb”中寻找)；正在链接对象，如同没有调试信息一样
  Blinn-Phong.vcxproj -> D:\File\OpenGL\5_1_Blinn-Phong\Debug\Blinn-Phong.exe
