  glad.c
d:\windows kits\10\include\10.0.17763.0\shared\minwindef.h(130): warning C4005: “APIENTRY”: 宏重定义
  d:\software\opengl\include\glad\glad.h(32): note: 参见“APIENTRY”的前一个定义
  NormalMapping.cpp
d:\file\opengl\5_4_normalmapping\normalmapping\normalmapping.cpp(103): warning C4244: “初始化”: 从“double”转换到“float”，可能丢失数据
d:\file\opengl\5_4_normalmapping\normalmapping\normalmapping.cpp(279): warning C4244: “=”: 从“double”转换到“float”，可能丢失数据
d:\file\opengl\5_4_normalmapping\normalmapping\normalmapping.cpp(280): warning C4244: “=”: 从“double”转换到“float”，可能丢失数据
d:\file\opengl\5_4_normalmapping\normalmapping\normalmapping.cpp(284): warning C4244: “初始化”: 从“double”转换到“float”，可能丢失数据
d:\file\opengl\5_4_normalmapping\normalmapping\normalmapping.cpp(285): warning C4244: “初始化”: 从“double”转换到“float”，可能丢失数据
d:\file\opengl\5_4_normalmapping\normalmapping\normalmapping.cpp(287): warning C4244: “=”: 从“double”转换到“float”，可能丢失数据
d:\file\opengl\5_4_normalmapping\normalmapping\normalmapping.cpp(288): warning C4244: “=”: 从“double”转换到“float”，可能丢失数据
d:\file\opengl\5_4_normalmapping\normalmapping\normalmapping.cpp(297): warning C4244: “参数”: 从“double”转换到“float”，可能丢失数据
  stb_image.cpp
  正在生成代码...
glfw3.lib(context.obj) : warning LNK4099: 未找到 PDB“glfw.pdb”(使用“glfw3.lib(context.obj)”或在“D:\File\OpenGL\5_4_NormalMapping\Debug\glfw.pdb”中寻找)；正在链接对象，如同没有调试信息一样
glfw3.lib(init.obj) : warning LNK4099: 未找到 PDB“glfw.pdb”(使用“glfw3.lib(init.obj)”或在“D:\File\OpenGL\5_4_NormalMapping\Debug\glfw.pdb”中寻找)；正在链接对象，如同没有调试信息一样
glfw3.lib(input.obj) : warning LNK4099: 未找到 PDB“glfw.pdb”(使用“glfw3.lib(input.obj)”或在“D:\File\OpenGL\5_4_NormalMapping\Debug\glfw.pdb”中寻找)；正在链接对象，如同没有调试信息一样
glfw3.lib(monitor.obj) : warning LNK4099: 未找到 PDB“glfw.pdb”(使用“glfw3.lib(monitor.obj)”或在“D:\File\OpenGL\5_4_NormalMapping\Debug\glfw.pdb”中寻找)；正在链接对象，如同没有调试信息一样
glfw3.lib(vulkan.obj) : warning LNK4099: 未找到 PDB“glfw.pdb”(使用“glfw3.lib(vulkan.obj)”或在“D:\File\OpenGL\5_4_NormalMapping\Debug\glfw.pdb”中寻找)；正在链接对象，如同没有调试信息一样
glfw3.lib(window.obj) : warning LNK4099: 未找到 PDB“glfw.pdb”(使用“glfw3.lib(window.obj)”或在“D:\File\OpenGL\5_4_NormalMapping\Debug\glfw.pdb”中寻找)；正在链接对象，如同没有调试信息一样
glfw3.lib(win32_init.obj) : warning LNK4099: 未找到 PDB“glfw.pdb”(使用“glfw3.lib(win32_init.obj)”或在“D:\File\OpenGL\5_4_NormalMapping\Debug\glfw.pdb”中寻找)；正在链接对象，如同没有调试信息一样
glfw3.lib(win32_joystick.obj) : warning LNK4099: 未找到 PDB“glfw.pdb”(使用“glfw3.lib(win32_joystick.obj)”或在“D:\File\OpenGL\5_4_NormalMapping\Debug\glfw.pdb”中寻找)；正在链接对象，如同没有调试信息一样
glfw3.lib(win32_monitor.obj) : warning LNK4099: 未找到 PDB“glfw.pdb”(使用“glfw3.lib(win32_monitor.obj)”或在“D:\File\OpenGL\5_4_NormalMapping\Debug\glfw.pdb”中寻找)；正在链接对象，如同没有调试信息一样
glfw3.lib(win32_time.obj) : warning LNK4099: 未找到 PDB“glfw.pdb”(使用“glfw3.lib(win32_time.obj)”或在“D:\File\OpenGL\5_4_NormalMapping\Debug\glfw.pdb”中寻找)；正在链接对象，如同没有调试信息一样
glfw3.lib(win32_thread.obj) : warning LNK4099: 未找到 PDB“glfw.pdb”(使用“glfw3.lib(win32_thread.obj)”或在“D:\File\OpenGL\5_4_NormalMapping\Debug\glfw.pdb”中寻找)；正在链接对象，如同没有调试信息一样
glfw3.lib(win32_window.obj) : warning LNK4099: 未找到 PDB“glfw.pdb”(使用“glfw3.lib(win32_window.obj)”或在“D:\File\OpenGL\5_4_NormalMapping\Debug\glfw.pdb”中寻找)；正在链接对象，如同没有调试信息一样
glfw3.lib(wgl_context.obj) : warning LNK4099: 未找到 PDB“glfw.pdb”(使用“glfw3.lib(wgl_context.obj)”或在“D:\File\OpenGL\5_4_NormalMapping\Debug\glfw.pdb”中寻找)；正在链接对象，如同没有调试信息一样
glfw3.lib(egl_context.obj) : warning LNK4099: 未找到 PDB“glfw.pdb”(使用“glfw3.lib(egl_context.obj)”或在“D:\File\OpenGL\5_4_NormalMapping\Debug\glfw.pdb”中寻找)；正在链接对象，如同没有调试信息一样
glfw3.lib(osmesa_context.obj) : warning LNK4099: 未找到 PDB“glfw.pdb”(使用“glfw3.lib(osmesa_context.obj)”或在“D:\File\OpenGL\5_4_NormalMapping\Debug\glfw.pdb”中寻找)；正在链接对象，如同没有调试信息一样
  NormalMapping.vcxproj -> D:\File\OpenGL\5_4_NormalMapping\Debug\NormalMapping.exe
