  glad.c
C:\Program Files (x86)\Windows Kits\10\Include\10.0.19041.0\shared\minwindef.h(130,1): warning C4005: “APIENTRY”: 宏重定义
D:\Software\OpenGL\include\glad\glad.h(32): message : 参见“APIENTRY”的前一个定义
  stb_image.cpp
  BasicLighting.cpp
D:\File\OpenGL\2_2_BasicLighting\BasicLighting\BasicLighting.cpp(153,22): warning C4244: “初始化”: 从“double”转换到“float”，可能丢失数据
D:\File\OpenGL\2_2_BasicLighting\BasicLighting\BasicLighting.cpp(238,11): warning C4244: “=”: 从“double”转换到“float”，可能丢失数据
D:\File\OpenGL\2_2_BasicLighting\BasicLighting\BasicLighting.cpp(239,11): warning C4244: “=”: 从“double”转换到“float”，可能丢失数据
D:\File\OpenGL\2_2_BasicLighting\BasicLighting\BasicLighting.cpp(243,16): warning C4244: “初始化”: 从“double”转换到“float”，可能丢失数据
D:\File\OpenGL\2_2_BasicLighting\BasicLighting\BasicLighting.cpp(244,16): warning C4244: “初始化”: 从“double”转换到“float”，可能丢失数据
D:\File\OpenGL\2_2_BasicLighting\BasicLighting\BasicLighting.cpp(245,10): warning C4244: “=”: 从“double”转换到“float”，可能丢失数据
D:\File\OpenGL\2_2_BasicLighting\BasicLighting\BasicLighting.cpp(246,10): warning C4244: “=”: 从“double”转换到“float”，可能丢失数据
D:\File\OpenGL\2_2_BasicLighting\BasicLighting\BasicLighting.cpp(255,28): warning C4244: “参数”: 从“double”转换到“float”，可能丢失数据
  正在生成代码...
glfw3.lib(context.obj) : warning LNK4099: 未找到 PDB“glfw.pdb”(使用“glfw3.lib(context.obj)”或在“D:\File\OpenGL\2_2_BasicLighting\Debug\glfw.pdb”中寻找)；正在链接对象，如同没有调试信息一样
glfw3.lib(init.obj) : warning LNK4099: 未找到 PDB“glfw.pdb”(使用“glfw3.lib(init.obj)”或在“D:\File\OpenGL\2_2_BasicLighting\Debug\glfw.pdb”中寻找)；正在链接对象，如同没有调试信息一样
glfw3.lib(input.obj) : warning LNK4099: 未找到 PDB“glfw.pdb”(使用“glfw3.lib(input.obj)”或在“D:\File\OpenGL\2_2_BasicLighting\Debug\glfw.pdb”中寻找)；正在链接对象，如同没有调试信息一样
glfw3.lib(monitor.obj) : warning LNK4099: 未找到 PDB“glfw.pdb”(使用“glfw3.lib(monitor.obj)”或在“D:\File\OpenGL\2_2_BasicLighting\Debug\glfw.pdb”中寻找)；正在链接对象，如同没有调试信息一样
glfw3.lib(vulkan.obj) : warning LNK4099: 未找到 PDB“glfw.pdb”(使用“glfw3.lib(vulkan.obj)”或在“D:\File\OpenGL\2_2_BasicLighting\Debug\glfw.pdb”中寻找)；正在链接对象，如同没有调试信息一样
glfw3.lib(window.obj) : warning LNK4099: 未找到 PDB“glfw.pdb”(使用“glfw3.lib(window.obj)”或在“D:\File\OpenGL\2_2_BasicLighting\Debug\glfw.pdb”中寻找)；正在链接对象，如同没有调试信息一样
glfw3.lib(win32_init.obj) : warning LNK4099: 未找到 PDB“glfw.pdb”(使用“glfw3.lib(win32_init.obj)”或在“D:\File\OpenGL\2_2_BasicLighting\Debug\glfw.pdb”中寻找)；正在链接对象，如同没有调试信息一样
glfw3.lib(win32_joystick.obj) : warning LNK4099: 未找到 PDB“”(使用“glfw3.lib(win32_joystick.obj)”或在“”中寻找)；正在链接对象，如同没有调试信息一样
glfw3.lib(win32_monitor.obj) : warning LNK4099: 未找到 PDB“glfw.pdb”(使用“glfw3.lib(win32_monitor.obj)”或在“D:\File\OpenGL\2_2_BasicLighting\Debug\glfw.pdb”中寻找)；正在链接对象，如同没有调试信息一样
glfw3.lib(win32_time.obj) : warning LNK4099: 未找到 PDB“glfw.pdb”(使用“glfw3.lib(win32_time.obj)”或在“D:\File\OpenGL\2_2_BasicLighting\Debug\glfw.pdb”中寻找)；正在链接对象，如同没有调试信息一样
glfw3.lib(win32_thread.obj) : warning LNK4099: 未找到 PDB“glfw.pdb”(使用“glfw3.lib(win32_thread.obj)”或在“D:\File\OpenGL\2_2_BasicLighting\Debug\glfw.pdb”中寻找)；正在链接对象，如同没有调试信息一样
glfw3.lib(win32_window.obj) : warning LNK4099: 未找到 PDB“glfw.pdb”(使用“glfw3.lib(win32_window.obj)”或在“D:\File\OpenGL\2_2_BasicLighting\Debug\glfw.pdb”中寻找)；正在链接对象，如同没有调试信息一样
glfw3.lib(wgl_context.obj) : warning LNK4099: 未找到 PDB“glfw.pdb”(使用“glfw3.lib(wgl_context.obj)”或在“D:\File\OpenGL\2_2_BasicLighting\Debug\glfw.pdb”中寻找)；正在链接对象，如同没有调试信息一样
glfw3.lib(egl_context.obj) : warning LNK4099: 未找到 PDB“”(使用“glfw3.lib(egl_context.obj)”或在“”中寻找)；正在链接对象，如同没有调试信息一样
glfw3.lib(osmesa_context.obj) : warning LNK4099: 未找到 PDB“glfw.pdb”(使用“glfw3.lib(osmesa_context.obj)”或在“D:\File\OpenGL\2_2_BasicLighting\Debug\glfw.pdb”中寻找)；正在链接对象，如同没有调试信息一样
  BasicLighting.vcxproj -> D:\File\OpenGL\2_2_BasicLighting\Debug\BasicLighting.exe
